
[2023-09-04T14:59:53.994185+00:00] app_logs.INFO: Foi definido uma password para o agente ID: 34 | purl: LvTIOrwpscNCnSWQVmUA [] []
[2023-09-04T15:00:26.834196+00:00] app_logs.INFO: Foi definido uma password para o agente ID: 34 | purl: LvTIOrwpscNCnSWQVmUA [] []
[2023-09-04T15:02:43.059499+00:00] app_logs.INFO: admin@bng.com - Login com sucesso. [] []
[2023-09-04T15:03:01.060603+00:00] app_logs.INFO: admin@bng.com - visualizou o PDF com o report estatístico. [] []
[2023-09-04T15:04:26.698984+00:00] app_logs.INFO: admin@bng.com - visualizou o PDF com o report estatístico. [] []
[2023-09-04T15:04:51.864275+00:00] app_logs.INFO: admin@bng.com - visualizou o PDF com o report estatístico. [] []
[2023-09-04T15:04:55.364673+00:00] app_logs.INFO: admin@bng.com - visualizou o PDF com o report estatístico. [] []
[2023-09-04T15:05:25.506423+00:00] app_logs.INFO: admin@bng.com - O email de registo foi enviado com sucesso: agente3@bng.com [] []
[2023-09-04T15:05:36.164198+00:00] app_logs.INFO: admin@bng.com - visualizou o PDF com o report estatístico. [] []
[2023-09-04T15:06:50.071728+00:00] app_logs.INFO: admin@bng.com - visualizou o PDF com o report estatístico. [] []
[2023-09-04T15:06:55.384330+00:00] app_logs.INFO: admin@bng.com - visualizou o PDF com o report estatístico. [] []
[2023-09-04T15:07:13.517828+00:00] app_logs.INFO: admin@bng.com - visualizou o PDF com o report estatístico. [] []
[2023-09-04T15:07:29.455621+00:00] app_logs.INFO: admin@bng.com - visualizou o PDF com o report estatístico. [] []
[2023-09-04T15:07:30.830224+00:00] app_logs.INFO: admin@bng.com - visualizou o PDF com o report estatístico. [] []
[2023-09-04T15:07:36.739990+00:00] app_logs.INFO: admin@bng.com - visualizou o PDF com o report estatístico. [] []
[2023-09-04T15:07:37.506792+00:00] app_logs.INFO: admin@bng.com - visualizou o PDF com o report estatístico. [] []
[2023-09-04T15:07:37.758071+00:00] app_logs.INFO: admin@bng.com - visualizou o PDF com o report estatístico. [] []
[2023-09-04T15:07:37.996540+00:00] app_logs.INFO: admin@bng.com - visualizou o PDF com o report estatístico. [] []
[2023-09-04T15:07:38.226477+00:00] app_logs.INFO: admin@bng.com - visualizou o PDF com o report estatístico. [] []
[2023-09-04T15:07:38.646452+00:00] app_logs.INFO: admin@bng.com - visualizou o PDF com o report estatístico. [] []
[2023-09-04T15:08:08.949802+00:00] app_logs.INFO: admin@bng.com - Login com sucesso. [] []
[2023-09-04T15:09:51.059432+00:00] app_logs.INFO: admin@bng.com - visualizou o PDF com o report estatístico. [] []
[2023-09-04T15:10:05.950351+00:00] app_logs.INFO: admin@bng.com - visualizou o PDF com o report estatístico. [] []
[2023-09-04T15:11:04.471457+00:00] app_logs.INFO: admin@bng.com - visualizou o PDF com o report estatístico. [] []
[2023-09-04T15:11:07.967078+00:00] app_logs.INFO: admin@bng.com - visualizou o PDF com o report estatístico. [] []
[2023-09-04T15:12:00.849057+00:00] app_logs.INFO: admin@bng.com - visualizou o PDF com o report estatístico. [] []
[2023-09-04T15:12:24.042586+00:00] app_logs.INFO: admin@bng.com - visualizou o PDF com o report estatístico. [] []
[2023-09-04T15:18:46.671601+00:00] app_logs.INFO: admin@bng.com - O email de registo foi enviado com sucesso: teste1@gmail.com [] []
[2023-09-04T15:18:56.172280+00:00] app_logs.INFO: admin@bng.com - fez logout. [] []
[2023-09-04T15:29:05.374907+00:00] app_logs.INFO:  - O email de registo foi enviado com sucesso: teste1@gmail.com [] []
[2023-09-04T15:29:26.536880+00:00] app_logs.INFO: Foi definido uma password para o agente ID: 39 | purl: mVAQgTYNtMHrXaWIPJoC [] []
[2023-09-04T15:30:01.585193+00:00] app_logs.INFO: teste1@gmail.com - Login inválido [] []
[2023-09-04T15:30:17.617147+00:00] app_logs.INFO: Foi definido uma password para o agente ID: 39 | purl: mVAQgTYNtMHrXaWIPJoC [] []
[2023-09-04T15:30:24.001773+00:00] app_logs.INFO: Foi definido uma password para o agente ID: 39 | purl: mVAQgTYNtMHrXaWIPJoC [] []
[2023-09-04T15:30:37.853650+00:00] app_logs.INFO: teste1@gmail.com - Login inválido [] []
[2023-09-04T15:30:53.417609+00:00] app_logs.INFO: Foi definido uma password para o agente ID: 39 | purl: mVAQgTYNtMHrXaWIPJoC [] []
[2023-09-04T15:30:57.028966+00:00] app_logs.INFO: Foi definido uma password para o agente ID: 39 | purl: mVAQgTYNtMHrXaWIPJoC [] []
[2023-09-04T15:31:19.370640+00:00] app_logs.INFO: admin@bng.com - Login com sucesso. [] []
[2023-09-04T15:31:42.659589+00:00] app_logs.INFO: admin@bng.com - O email de registo foi enviado com sucesso: agente4@bng.com [] []
[2023-09-04T15:31:52.535513+00:00] app_logs.INFO: admin@bng.com - O email de registo foi enviado com sucesso: agente4@bng.com [] []
[2023-09-04T15:31:58.233320+00:00] app_logs.INFO: admin@bng.com - fez logout. [] []
[2023-09-04T15:32:09.722104+00:00] app_logs.INFO: Foi definido uma password para o agente ID: 41 | purl: jwMkWlgBQNcnqOYPpfGt [] []
[2023-09-04T15:32:22.420864+00:00] app_logs.INFO: agente4@bng.com - Login inválido [] []
[2023-09-04T15:32:57.235022+00:00] app_logs.INFO: agente4@bng.com - Login inválido [] []
[2023-09-04T15:33:18.600885+00:00] app_logs.INFO: agente1@bng.com - Login com sucesso. [] []
[2023-09-04T15:34:04.727988+00:00] app_logs.INFO: agente1@bng.com - fez logout. [] []
[2023-09-04T15:34:32.267384+00:00] app_logs.INFO: Foi definido uma password para o agente ID: 36 | purl: ZslYayAbxGiPfJKDUvgm [] []
[2023-09-04T15:36:08.157217+00:00] app_logs.INFO: agente4@bng.com - Login inválido [] []
[2023-09-04T15:37:42.941696+00:00] app_logs.INFO: admin@bng.com - Login com sucesso. [] []
[2023-09-04T15:38:01.401217+00:00] app_logs.INFO: admin@bng.com - O email de registo foi enviado com sucesso: agente4@bng.com [] []
[2023-09-04T15:38:07.300663+00:00] app_logs.INFO: admin@bng.com - fez logout. [] []
[2023-09-04T15:38:24.370039+00:00] app_logs.INFO: Foi definido uma password para o agente ID: 42 | purl: OfuZGHFypAcPkvYWzENT [] []
[2023-09-04T15:38:32.875395+00:00] app_logs.INFO: agente4@bng.com - Login com sucesso. [] []
[2023-09-04T19:18:35.956789+00:00] app_logs.INFO: admin@bng.com - Login com sucesso. [] []
[2023-09-04T19:18:45.979537+00:00] app_logs.INFO: admin@bng.com - visualizou o PDF com o report estatístico. [] []
[2023-09-04T19:22:52.013772+00:00] app_logs.INFO: admin@bng.com - O email de registo foi enviado com sucesso: agente4@bng.com [] []
[2023-09-04T19:23:08.291362+00:00] app_logs.INFO: admin@bng.com - O email de registo foi enviado com sucesso: agente4@bng.com [] []
[2023-09-04T19:23:23.065821+00:00] app_logs.INFO: admin@bng.com - fez logout. [] []
[2023-09-04T19:24:16.207641+00:00] app_logs.INFO: Foi definido uma password para o agente ID: 5 | purl: xLClEAYaycDNVJMmedqO [] []
[2023-09-04T19:24:33.654704+00:00] app_logs.INFO: agente4@bng.com - Login inválido [] []
[2023-09-04T19:24:40.956326+00:00] app_logs.INFO: agente4@gmail.com - Login inválido [] []
[2023-09-04T19:26:41.082480+00:00] app_logs.INFO: agente4@bng.com - Login inválido [] []
[2023-09-04T19:27:23.076041+00:00] app_logs.INFO: admin@bng.com - Login com sucesso. [] []
[2023-09-04T19:27:53.397652+00:00] app_logs.INFO: admin@bng.com - O email de registo foi enviado com sucesso: agente4@bng.com [] []
[2023-09-04T19:28:00.989932+00:00] app_logs.INFO: admin@bng.com - fez logout. [] []
[2023-09-04T19:28:12.544283+00:00] app_logs.INFO: Foi definido uma password para o agente ID: 6 | purl: gIRiBEpjGdCqxsNXnYcF [] []
[2023-09-04T19:28:23.684435+00:00] app_logs.INFO: agente4@bng.com - Login com sucesso. [] []
[2023-09-04T19:28:38.548906+00:00] app_logs.ERROR: agente4@bng.com - tentou carregar um ficheiro->sql.sql [] []
[2023-09-04T19:28:46.102139+00:00] app_logs.INFO: agente4@bng.com - Fez download de uma lista de clientes no total de 1 [] []
[2023-09-04T19:29:05.555534+00:00] app_logs.INFO: agente4@bng.com - fez logout. [] []
[2023-09-04T19:29:56.223397+00:00] app_logs.INFO: admin@bng.com - Login com sucesso. [] []
[2023-09-04T20:27:44.029854+00:00] app_logs.INFO: admin@bng.com - fez logout. [] []
[2023-09-04T20:28:01.620725+00:00] app_logs.INFO: agente2@bng.com - Login com sucesso. [] []
[2023-09-04T20:29:56.586978+00:00] app_logs.INFO: agente2@bng.com - fez logout. [] []
[2023-09-04T20:30:37.155632+00:00] app_logs.INFO: agente2@bng.com - Login inválido [] []
[2023-09-04T20:34:46.119699+00:00] app_logs.INFO: agente2@bng.com - Login inválido [] []
[2023-09-04T20:34:55.080407+00:00] app_logs.INFO: agente1@bng.com - Login inválido [] []
[2023-09-04T20:35:07.833783+00:00] app_logs.INFO: admin@bng.com - Login inválido [] []
[2023-09-04T20:35:31.835386+00:00] app_logs.INFO: admin@bng.com - Login com sucesso. [] []
[2023-09-04T23:05:37.587548+00:00] app_logs.INFO: admin@bng.com [] []
[2023-09-04T23:07:34.258592+00:00] app_logs.INFO: admin@bng.com [] []
[2023-09-04T23:07:41.916838+00:00] app_logs.INFO: admin@bng.com [] []
[2023-09-04T23:07:53.706958+00:00] app_logs.INFO: admin@bng.com [] []
[2023-09-05T09:05:11.206424+00:00] app_logs.INFO: admin@bng.com [] []
[2023-09-05T09:05:14.906726+00:00] app_logs.INFO: admin@bng.com [] []
[2023-09-05T09:05:20.381888+00:00] app_logs.INFO: admin@bng.com [] []
[2023-09-05T09:05:57.162860+00:00] app_logs.INFO: admin@bng.com - fez logout. [] []
[2023-09-05T09:06:04.506400+00:00] app_logs.INFO: agente1@bng.com - Login inválido [] []
[2023-09-05T09:06:11.048853+00:00] app_logs.INFO: admin@bng.com - Login com sucesso. [] []
[2023-09-05T09:21:04.325862+00:00] app_logs.INFO: admin@bng.com [] []
[2023-09-05T09:31:34.923534+00:00] app_logs.INFO: admin@bng.com [] []
[2023-09-05T09:31:53.340511+00:00] app_logs.INFO: admin@bng.com [] []
[2023-09-05T09:31:56.323710+00:00] app_logs.INFO: admin@bng.com [] []
[2023-09-05T09:50:29.370693+00:00] app_logs.INFO: admin@bng.com [] []
[2023-09-05T10:16:37.707592+00:00] app_logs.INFO: admin@bng.com - Fez download de uma lista de clientes no total de 6 [] []
[2023-09-05T10:17:24.816605+00:00] app_logs.INFO: admin@bng.com - Fez download de uma lista de clientes no total de 6 [] []
[2023-09-05T10:19:11.846173+00:00] app_logs.INFO: admin@bng.com - Fez download de uma lista de clientes no total de 6 [] []
[2023-09-05T10:19:19.104043+00:00] app_logs.INFO: admin@bng.com - fez logout. [] []
[2023-09-05T10:19:25.818522+00:00] app_logs.INFO: agente1@bng.com - Login com sucesso. [] []
[2023-09-05T10:19:48.069899+00:00] app_logs.INFO: agente1@bng.com - fez logout. [] []
[2023-09-05T10:20:35.558180+00:00] app_logs.INFO: admin@bng.com - Login com sucesso. [] []
[2023-09-05T10:20:46.509377+00:00] app_logs.INFO: admin@bng.com - O email de registo foi enviado com sucesso: teste1@gmail.com [] []
[2023-09-05T10:20:53.778006+00:00] app_logs.INFO: admin@bng.com - fez logout. [] []
[2023-09-05T10:21:25.495167+00:00] app_logs.INFO: Foi definido uma password para o agente ID: 44 | purl: capomMBHhTZLRvDFEUgV [] []
[2023-09-05T10:21:41.376013+00:00] app_logs.INFO: teste1@gmail.com - Login inválido [] []
[2023-09-05T10:21:51.246049+00:00] app_logs.INFO: admin@bng.com - Login com sucesso. [] []
[2023-09-05T10:22:02.060804+00:00] app_logs.INFO: admin@bng.com [] []
[2023-09-05T10:22:04.518022+00:00] app_logs.INFO: admin@bng.com [] []
[2023-09-05T10:22:15.826551+00:00] app_logs.INFO: admin@bng.com - O email de registo foi enviado com sucesso: teste2@gmail.com [] []
[2023-09-05T10:22:24.760720+00:00] app_logs.INFO: admin@bng.com - fez logout. [] []
[2023-09-05T10:22:37.285001+00:00] app_logs.INFO: Foi definido uma password para o agente ID: 45 | purl: vTjQyFPBauemJoANzxHM [] []
[2023-09-05T10:22:47.534241+00:00] app_logs.INFO: teste2@gmail.com - Login com sucesso. [] []
[2023-09-05T10:23:30.077572+00:00] app_logs.INFO: teste2@gmail.com - Adicionou o cliente, dads | da2@dejsa.com [] []
[2023-09-05T10:23:32.712714+00:00] app_logs.INFO: teste2@gmail.com - fez logout. [] []
[2023-09-05T10:23:37.168292+00:00] app_logs.INFO: admin@bng.com - Login com sucesso. [] []
[2023-09-05T10:23:40.950636+00:00] app_logs.INFO: admin@bng.com - Fez download de uma lista de clientes no total de 8 [] []
[2023-09-05T10:32:27.179792+00:00] app_logs.INFO: admin@bng.com - fez logout. [] []
[2023-09-05T11:17:11.397281+00:00] app_logs.INFO: admin@bng.com - Login com sucesso. [] []
[2023-09-05T11:17:19.517368+00:00] app_logs.INFO: admin@bng.com - fez logout. [] []
[2023-09-05T13:11:30.815629+00:00] app_logs.INFO: Email com código de verificação enviado com sucesso User: agente1@bng.com | Code: 956919 [] []
[2023-09-05T13:11:50.637964+00:00] app_logs.INFO: Email com código de verificação enviado com sucesso User: agente1@bng.com | Code: 452249 [] []
[2023-09-05T13:13:50.197574+00:00] app_logs.INFO: Email com código de verificação enviado com sucesso User: agente1@bng.com | Code: 723881 [] []
[2023-09-05T13:14:09.131979+00:00] app_logs.INFO: admin@bng.com - Login com sucesso. [] []
[2023-09-05T13:14:22.413271+00:00] app_logs.INFO: admin@bng.com - O email de registo foi enviado com sucesso: agentetestes@bng.com [] []
[2023-09-05T13:15:07.431378+00:00] app_logs.INFO: admin@bng.com - fez logout. [] []
[2023-09-05T13:15:19.638021+00:00] app_logs.INFO: Foi definido uma password para o agente ID: 46 | purl: VYHzMnkgJqjPRmBODWQa [] []
[2023-09-05T13:15:30.734539+00:00] app_logs.INFO: agentetestes@bng.com - Login com sucesso. [] []
[2023-09-05T13:15:49.348354+00:00] app_logs.INFO: agentetestes@bng.com - fez logout. [] []
[2023-09-05T13:15:55.866488+00:00] app_logs.INFO: Email com código de verificação enviado com sucesso User: agentetestes@bng.com | Code: 248634 [] []
[2023-09-05T13:17:54.667553+00:00] app_logs.INFO: Email com código de verificação enviado com sucesso User: agentetestes@bng.com | Code: 588095 [] []
[2023-09-05T13:18:35.207523+00:00] app_logs.INFO: admin@bng.com - Login com sucesso. [] []
[2023-09-05T13:18:51.508178+00:00] app_logs.INFO: admin@bng.com - fez logout. [] []
[2023-09-05T13:27:01.146263+00:00] app_logs.INFO: Email com código de verificação enviado com sucesso User: agentetestes@bng.com | Code: 312394 [] []
[2023-09-05T13:27:13.709123+00:00] app_logs.INFO: Email com código de verificação enviado com sucesso User: agentetestes@bng.com | Code: 353542 [] []
[2023-09-05T13:27:30.460708+00:00] app_logs.INFO: Email com código de verificação enviado com sucesso User: agentetestes@bng.com | Code: 783810 [] []
[2023-09-05T13:27:51.063743+00:00] app_logs.INFO: Email com código de verificação enviado com sucesso User: agentetestes@bng.com | Code: 987747 [] []
[2023-09-05T13:31:11.011789+00:00] app_logs.INFO: Email com código de verificação enviado com sucesso User: agentetestes@bng.com | Code: 430771 [] []
[2023-09-05T13:31:17.290383+00:00] app_logs.INFO: Email com código de verificação enviado com sucesso User: agentetestes@bng.com | Code: 722407 [] []
[2023-09-05T13:31:31.244446+00:00] app_logs.INFO: Email com código de verificação enviado com sucesso User: agentetestes@bng.com | Code: 538807 [] []
[2023-09-05T13:31:44.865303+00:00] app_logs.INFO: Email com código de verificação enviado com sucesso User: agentetestes@bng.com | Code: 854188 [] []
[2023-09-05T13:32:15.902988+00:00] app_logs.INFO: Email com código de verificação enviado com sucesso User: agentetestes@bng.com | Code: 611591 [] []
[2023-09-05T13:33:59.936772+00:00] app_logs.INFO: Email com código de verificação enviado com sucesso User: agentetestes@bng.com | Code: 852947 [] []
[2023-09-05T13:34:36.286475+00:00] app_logs.INFO: Email com código de verificação enviado com sucesso User: agentetestes@bng.com | Code: 870457 [] []
[2023-09-05T13:34:47.875258+00:00] app_logs.INFO: Email com código de verificação enviado com sucesso User: agentetestes@bng.com | Code: 658298 [] []
[2023-09-05T13:35:04.990448+00:00] app_logs.INFO: Email com código de verificação enviado com sucesso User: agentetestes@bng.com | Code: 322137 [] []
[2023-09-05T13:35:11.664577+00:00] app_logs.INFO: Email com código de verificação enviado com sucesso User: agentetestes@bng.com | Code: 543512 [] []
[2023-09-05T13:35:23.193350+00:00] app_logs.INFO: Email com código de verificação enviado com sucesso User: agentetestes@bng.com | Code: 174772 [] []
[2023-09-05T13:35:52.721156+00:00] app_logs.INFO: Email com código de verificação enviado com sucesso User: agentetestes@bng.com | Code: 778477 [] []
[2023-09-05T13:36:03.537138+00:00] app_logs.INFO: Email com código de verificação enviado com sucesso User: agentetestes@bng.com | Code: 528749 [] []
[2023-09-05T13:36:18.815715+00:00] app_logs.INFO: Email com código de verificação enviado com sucesso User: agentetestes@bng.com | Code: 497627 [] []
[2023-09-05T13:37:24.248064+00:00] app_logs.INFO: Email com código de verificação enviado com sucesso User: agentetestes@bng.com | Code: 866747 [] []
[2023-09-05T13:38:29.329740+00:00] app_logs.INFO: Email com código de verificação enviado com sucesso User: agentetestes@bng.com | Code: 391018 [] []
[2023-09-05T13:39:24.857978+00:00] app_logs.INFO: Email com código de verificação enviado com sucesso User: agentetestes@bng.com | Code: 786171 [] []
[2023-09-05T13:39:31.762770+00:00] app_logs.INFO: Email com código de verificação enviado com sucesso User: agentetestes@bng.com | Code: 745511 [] []
[2023-09-05T13:52:53.356307+00:00] app_logs.INFO: Email com código de verificação enviado com sucesso User: agentetestes@bng.com | Code: 798520 [] []
[2023-09-05T13:58:58.156421+00:00] app_logs.INFO: Email com código de verificação enviado com sucesso User: agentetestes@bng.com | Code: 524092 [] []
[2023-09-05T14:07:29.716301+00:00] app_logs.INFO: Email com código de verificação enviado com sucesso User: agentetestes@bng.com | Code: 981798 [] []
[2023-09-05T14:10:23.542720+00:00] app_logs.INFO: Email com código de verificação enviado com sucesso User: agentetestes@bng.com | Code: 815199 [] []
[2023-09-05T14:10:34.893817+00:00] app_logs.INFO: Email com código de verificação enviado com sucesso User: agentetestes@bng.com | Code: 299061 [] []
[2023-09-05T14:11:08.308399+00:00] app_logs.INFO: Email com código de verificação enviado com sucesso User: agentetestes@bng.com | Code: 446776 [] []
[2023-09-05T14:12:51.497631+00:00] app_logs.INFO: Email com código de verificação enviado com sucesso User: agentetestes@bng.com | Code: 803813 [] []
[2023-09-05T14:13:57.939831+00:00] app_logs.INFO: Email com código de verificação enviado com sucesso User: agentetestes@bng.com | Code: 260005 [] []
[2023-09-05T14:15:07.371338+00:00] app_logs.INFO: Email com código de verificação enviado com sucesso User: sdas@dmas.com | Code:  [] []
[2023-09-05T14:15:19.588710+00:00] app_logs.INFO: Email com código de verificação enviado com sucesso User: dmsmads@dksa.com | Code:  [] []
[2023-09-05T14:17:49.946845+00:00] app_logs.ERROR: Aconteceu um erro na criação do codigo de recuperção de password. User: dmsmads@dksa.com [] []
[2023-09-05T14:18:11.789372+00:00] app_logs.ERROR: Aconteceu um erro na criação do codigo de recuperação de password. User: dmsmads@dksa.com [] []
[2023-09-05T14:18:21.344147+00:00] app_logs.INFO: Email com código de verificação enviado com sucesso User: agente1@bng.com | Code: 533116 [] []
[2023-09-05T14:39:19.831659+00:00] app_logs.INFO: admin@bng.com - Login com sucesso. [] []
[2023-09-05T14:39:23.390772+00:00] app_logs.INFO: admin@bng.com - fez logout. [] []
[2023-09-05T14:39:27.632509+00:00] app_logs.INFO: Email com código de verificação enviado com sucesso User: agentetestes@bng.com | Code: 486040 [] []
[2023-09-05T14:47:18.402821+00:00] app_logs.INFO: sda@dsa.com - Login inválido [] []
[2023-09-05T14:47:44.143225+00:00] app_logs.INFO: Email com código de verificação enviado com sucesso User: agentetestes@bng.com | Code: 325405 [] []
[2023-09-05T14:48:30.690408+00:00] app_logs.INFO: Email com código de verificação enviado com sucesso User: agentetestes@bng.com | Code: 654317 [] []
[2023-09-05T15:00:37.043010+00:00] app_logs.INFO: Email com código de verificação enviado com sucesso User: agentetestes@bng.com | Code: 792701 [] []
[2023-09-05T15:03:01.199734+00:00] app_logs.INFO: agentetestes@bng.com - Login com sucesso. [] []
[2023-09-05T15:03:03.469390+00:00] app_logs.INFO: agentetestes@bng.com - fez logout. [] []
[2023-09-05T15:05:56.452190+00:00] app_logs.INFO: Email com código de verificação enviado com sucesso User: agentetestes@bng.com | Code: 455770 [] []
[2023-09-05T15:06:17.994193+00:00] app_logs.INFO: A palavra passe do utilizador com id 46 foi alterado com successo [] []
[2023-09-05T15:12:47.527171+00:00] app_logs.INFO: agente1@bng.com - Login com sucesso. [] []
[2023-09-05T15:13:52.864417+00:00] app_logs.INFO: agente1@bng.com - Fez download de uma lista de clientes no total de 1 [] []
[2023-09-05T15:16:07.298503+00:00] app_logs.INFO: agente1@bng.com - Fez download de uma lista de clientes no total de 1 [] []
[2023-09-05T15:18:36.014845+00:00] app_logs.INFO: agente1@bng.com - Atualizou a sua palavra passe [] []
[2023-09-05T15:18:42.150801+00:00] app_logs.INFO: agente1@bng.com - fez logout. [] []
[2023-09-05T15:18:47.681565+00:00] app_logs.INFO: agente1@bng.com - Login com sucesso. [] []
[2023-09-05T15:18:54.283107+00:00] app_logs.INFO: agente1@bng.com - Atualizou a sua palavra passe [] []
[2023-09-05T15:18:56.940208+00:00] app_logs.INFO: agente1@bng.com - fez logout. [] []
[2023-09-05T15:19:04.614991+00:00] app_logs.INFO: agente1@bng.com - Login com sucesso. [] []
[2023-09-05T15:19:12.405748+00:00] app_logs.INFO: agente1@bng.com - fez logout. [] []
[2023-09-05T15:19:20.145709+00:00] app_logs.INFO: admin@bng.com - Login com sucesso. [] []
[2023-09-05T15:46:44.486643+00:00] app_logs.INFO: admin@bng.com - visualizou o PDF com o report estatístico. [] []
[2023-09-05T15:47:28.313830+00:00] app_logs.INFO: admin@bng.com [] []
[2023-09-05T15:47:33.815915+00:00] app_logs.INFO: admin@bng.com [] []
[2023-09-05T15:47:56.451056+00:00] app_logs.INFO: admin@bng.com [] []
[2023-09-05T15:48:03.843603+00:00] app_logs.INFO: admin@bng.com [] []
[2023-09-05T15:48:20.745427+00:00] app_logs.INFO: admin@bng.com - O email de registo foi enviado com sucesso: agente2@bng.com [] []
[2023-09-05T15:48:28.202095+00:00] app_logs.INFO: admin@bng.com - fez logout. [] []
[2023-09-06T07:35:25.115188+00:00] app_logs.INFO: admin@bng.com - Login com sucesso. [] []
[2023-09-06T07:35:59.541846+00:00] app_logs.INFO: admin@bng.com [] []
[2023-09-06T07:36:09.651233+00:00] app_logs.INFO: admin@bng.com - fez logout. [] []
[2023-09-06T07:38:13.774218+00:00] app_logs.ERROR: Aconteceu um erro na criação do codigo de recuperação de password. User: agente2@bng.com [] []
[2023-09-06T07:38:24.334206+00:00] app_logs.INFO: agente2@bng.com - Login inválido [] []
[2023-09-06T07:39:18.462125+00:00] app_logs.INFO: admin@bng.com - Login com sucesso. [] []
[2023-09-06T07:42:18.424129+00:00] app_logs.INFO: admin@bng.com - visualizou o PDF com o report estatístico. [] []
[2023-09-06T07:42:39.457826+00:00] app_logs.INFO: admin@bng.com [] []
[2023-09-06T07:42:43.322418+00:00] app_logs.INFO: admin@bng.com [] []
[2023-09-06T07:43:10.303707+00:00] app_logs.INFO: admin@bng.com - Fez download de uma lista de clientes no total de 4 [] []
[2023-09-06T07:44:29.275756+00:00] app_logs.ERROR: Aconteceu um erro na criação do codigo de recuperação de password. User: dsadsa@dmsa.com [] []
[2023-09-06T07:44:39.428032+00:00] app_logs.INFO: agente1@bng.com - Login inválido [] []
[2023-09-06T07:44:50.372868+00:00] app_logs.INFO: agente1@bng.com - Login com sucesso. [] []
[2023-09-06T07:45:16.010593+00:00] app_logs.ERROR: agente1@bng.com - Tentou carregar um ficheiro com o header inválido->dados_clientes_1_header_invalido.csv [] []
[2023-09-06T07:56:56.411124+00:00] app_logs.INFO: agente1@bng.com - Carregamento do ficheiro efetuado->dados_clientes_1.xlsx [] []
[2023-09-06T07:56:56.412550+00:00] app_logs.INFO: agente1@bng.com - report->{"total":4,"totalCarregados":3,"totalNaoCarregados":1} [] []
[2023-09-06T07:57:33.481403+00:00] app_logs.ERROR: agente1@bng.com - Tentou carregar um ficheiro com o header inválido->dados_clientes_1_header_invalido.xlsx [] []
[2023-09-06T07:57:39.514077+00:00] app_logs.INFO: agente1@bng.com - Carregamento do ficheiro efetuado->dados_clientes_1.csv [] []
[2023-09-06T07:57:39.515224+00:00] app_logs.INFO: agente1@bng.com - report->{"total":4,"totalCarregados":0,"totalNaoCarregados":4} [] []
[2023-09-06T07:57:56.719476+00:00] app_logs.INFO: agente1@bng.com - Eliminado o cliente com o id: 2 [] []
[2023-09-06T07:57:59.278365+00:00] app_logs.INFO: agente1@bng.com - Eliminado o cliente com o id: 4 [] []
[2023-09-06T07:58:02.917619+00:00] app_logs.INFO: agente1@bng.com - Eliminado o cliente com o id: 3 [] []
[2023-09-06T07:58:04.709627+00:00] app_logs.INFO: agente1@bng.com - Eliminado o cliente com o id: 1 [] []
[2023-09-06T07:58:09.949297+00:00] app_logs.INFO: agente1@bng.com - Carregamento do ficheiro efetuado->dados_clientes_1.csv [] []
[2023-09-06T07:58:09.950433+00:00] app_logs.INFO: agente1@bng.com - report->{"total":4,"totalCarregados":4,"totalNaoCarregados":0} [] []
[2023-09-06T07:58:17.196899+00:00] app_logs.INFO: agente1@bng.com - Eliminado o cliente com o id: 8 [] []
[2023-09-06T07:58:18.593297+00:00] app_logs.INFO: agente1@bng.com - Eliminado o cliente com o id: 6 [] []
[2023-09-06T07:58:20.117303+00:00] app_logs.INFO: agente1@bng.com - Eliminado o cliente com o id: 7 [] []
[2023-09-06T07:58:21.828201+00:00] app_logs.INFO: agente1@bng.com - Eliminado o cliente com o id: 5 [] []
[2023-09-06T07:59:06.453787+00:00] app_logs.INFO: agente1@bng.com - Carregamento do ficheiro efetuado->dados_clientes_1.csv [] []
[2023-09-06T07:59:06.455193+00:00] app_logs.INFO: agente1@bng.com - report->{"total":4,"totalCarregados":4,"totalNaoCarregados":0} [] []
[2023-09-06T08:09:05.650309+00:00] app_logs.INFO: agente1@bng.com - fez logout. [] []
[2023-09-06T08:15:41.093295+00:00] app_logs.INFO: admin@bng.com - Login com sucesso. [] []
[2023-09-06T08:16:44.495348+00:00] app_logs.INFO: admin@bng.com - visualizou o PDF com o report estatístico. [] []
[2023-09-06T08:17:37.361138+00:00] app_logs.INFO: admin@bng.com [] []
[2023-09-06T08:18:08.882510+00:00] app_logs.INFO: admin@bng.com [] []
[2023-09-06T08:18:21.697442+00:00] app_logs.INFO: admin@bng.com [] []
[2023-09-06T08:18:29.944560+00:00] app_logs.INFO: admin@bng.com [] []
[2023-09-06T08:19:00.781006+00:00] app_logs.INFO: admin@bng.com - Fez download de uma lista de clientes no total de 190 [] []
